<?xml version="1.0" encoding="UTF-8"?>
<!-- Generated by org.testng.reporters.JUnitReportReporter -->
<testsuite skipped="0" hostname="DESKTOP-6JJE3KO" name="com.goibibo.searchFlight.snehalLaunch" tests="1" failures="0" timestamp="29 May 2020 10:37:27 GMT" time="11.128" errors="0">
  <testcase name="launchUrl" time="11.128" classname="com.goibibo.searchFlight.snehalLaunch"/>
</testsuite> <!-- com.goibibo.searchFlight.snehalLaunch -->
